<?xml version="1.0" encoding="UTF-8"?>
<!-- Generated by org.testng.reporters.JUnitReportReporter -->
<testsuite hostname="admins-MacBook-Pro.local" name="com.zbwx.autotest.ui.LoginTest" tests="1" failures="0" timestamp="26 Jun 2018 10:22:43 GMT" time="4.953" errors="0">
  <testcase name="login" time="4.953" classname="com.zbwx.autotest.ui.LoginTest"/>
</testsuite> <!-- com.zbwx.autotest.ui.LoginTest -->
